0 info it worked if it ends with ok
1 verbose cli [ '/Users/bloomca/.nvm/versions/node/v5.1.1/bin/node',
1 verbose cli   '/Users/bloomca/.nvm/versions/node/v5.1.1/bin/npm',
1 verbose cli   'run',
1 verbose cli   'publish' ]
2 info using npm@3.3.12
3 info using node@v5.1.1
4 verbose run-script [ 'prepublish', 'publish', 'postpublish' ]
5 info lifecycle shower@2.1.4~prepublish: shower@2.1.4
6 silly lifecycle shower@2.1.4~prepublish: no script for prepublish, continuing
7 info lifecycle shower@2.1.4~publish: shower@2.1.4
8 verbose lifecycle shower@2.1.4~publish: unsafe-perm in lifecycle true
9 verbose lifecycle shower@2.1.4~publish: PATH: /Users/bloomca/.nvm/versions/node/v5.1.1/lib/node_modules/npm/bin/node-gyp-bin:/Users/bloomca/projects/javascript/css-slides/node_modules/.bin:/Users/bloomca/.rvm/gems/ruby-2.1.2/bin:/Users/bloomca/.rvm/gems/ruby-2.1.2@global/bin:/Users/bloomca/.rvm/rubies/ruby-2.1.2/bin:/Users/bloomca/.nvm/versions/node/v5.1.1/bin:/Users/bloomca/projects/go/bin:/usr/local/go/bin:/usr/local/bin:/usr/bin:/bin:/usr/sbin:/sbin:/Users/bloomca/.rvm/bin
10 verbose lifecycle shower@2.1.4~publish: CWD: /Users/bloomca/projects/javascript/css-slides
11 silly lifecycle shower@2.1.4~publish: Args: [ '-c', 'gulp publish' ]
12 silly lifecycle shower@2.1.4~publish: Returned: code: 1  signal: null
13 info lifecycle shower@2.1.4~publish: Failed to exec publish script
14 verbose stack Error: shower@2.1.4 publish: `gulp publish`
14 verbose stack Exit status 1
14 verbose stack     at EventEmitter.<anonymous> (/Users/bloomca/.nvm/versions/node/v5.1.1/lib/node_modules/npm/lib/utils/lifecycle.js:232:16)
14 verbose stack     at emitTwo (events.js:87:13)
14 verbose stack     at EventEmitter.emit (events.js:172:7)
14 verbose stack     at ChildProcess.<anonymous> (/Users/bloomca/.nvm/versions/node/v5.1.1/lib/node_modules/npm/lib/utils/spawn.js:24:14)
14 verbose stack     at emitTwo (events.js:87:13)
14 verbose stack     at ChildProcess.emit (events.js:172:7)
14 verbose stack     at maybeClose (internal/child_process.js:818:16)
14 verbose stack     at Process.ChildProcess._handle.onexit (internal/child_process.js:211:5)
15 verbose pkgid shower@2.1.4
16 verbose cwd /Users/bloomca/projects/javascript/css-slides
17 error Darwin 15.6.0
18 error argv "/Users/bloomca/.nvm/versions/node/v5.1.1/bin/node" "/Users/bloomca/.nvm/versions/node/v5.1.1/bin/npm" "run" "publish"
19 error node v5.1.1
20 error npm  v3.3.12
21 error code ELIFECYCLE
22 error shower@2.1.4 publish: `gulp publish`
22 error Exit status 1
23 error Failed at the shower@2.1.4 publish script 'gulp publish'.
23 error Make sure you have the latest version of node.js and npm installed.
23 error If you do, this is most likely a problem with the shower package,
23 error not with npm itself.
23 error Tell the author that this fails on your system:
23 error     gulp publish
23 error You can get their info via:
23 error     npm owner ls shower
23 error There is likely additional logging output above.
24 verbose exit [ 1, true ]
